{
  "stats": {
    "suites": 1,
    "tests": 1,
    "passes": 1,
    "pending": 0,
    "failures": 0,
    "start": "2024-08-16T12:27:55.639Z",
    "end": "2024-08-16T12:28:07.217Z",
    "duration": 11578,
    "testsRegistered": 1,
    "passPercent": 100,
    "pendingPercent": 0,
    "other": 0,
    "hasOther": false,
    "skipped": 0,
    "hasSkipped": false
  },
  "results": [
    {
      "uuid": "7ae24923-e3ef-4848-acab-3ab43203a9cc",
      "title": "",
      "fullFile": "cypress\\e2e\\testWeSelect.spec.js",
      "file": "cypress\\e2e\\testWeSelect.spec.js",
      "beforeHooks": [],
      "afterHooks": [],
      "tests": [],
      "suites": [
        {
          "uuid": "67221803-a53c-4532-8623-a563970c0e0c",
          "title": "WeSelect Test",
          "fullFile": "",
          "file": "",
          "beforeHooks": [],
          "afterHooks": [],
          "tests": [
            {
              "title": "Login",
              "fullTitle": "WeSelect Test Login",
              "timedOut": null,
              "duration": 9546,
              "state": "passed",
              "speed": "medium",
              "pass": true,
              "fail": false,
              "pending": false,
              "context": null,
              "code": "cy.visit('http://localhost:3000');\ncy.get('form').find('[data-testid=\"form-email\"]').type('spock@weselect.local');\ncy.get('form').find('[data-testid=\"form-password\"]').type('P@ssword123');\ncy.get('button[type=\"submit\"]').click();\ncy.wait(2000);\ncy.get('[data-testid=\"avatar\"]').should('be.visible');\ncy.log('Logged in');",
              "err": {},
              "uuid": "69bf5386-e2e1-4d92-b8f5-50fc6d2a2879",
              "parentUUID": "67221803-a53c-4532-8623-a563970c0e0c",
              "isHook": false,
              "skipped": false
            }
          ],
          "suites": [],
          "passes": [
            "69bf5386-e2e1-4d92-b8f5-50fc6d2a2879"
          ],
          "failures": [],
          "pending": [],
          "skipped": [],
          "duration": 9546,
          "root": false,
          "rootEmpty": false,
          "_timeout": 2000
        }
      ],
      "passes": [],
      "failures": [],
      "pending": [],
      "skipped": [],
      "duration": 0,
      "root": true,
      "rootEmpty": true,
      "_timeout": 2000
    }
  ],
  "meta": {
    "mocha": {
      "version": "7.0.1"
    },
    "mochawesome": {
      "options": {
        "quiet": false,
        "reportFilename": "mochawesome",
        "saveHtml": false,
        "saveJson": true,
        "consoleReporter": "spec",
        "useInlineDiffs": false,
        "code": true
      },
      "version": "7.1.3"
    },
    "marge": {
      "options": {
        "charts": true,
        "overwrite": false,
        "html": false,
        "json": true,
        "reportDir": "cypress/reports/mochawesome-report"
      },
      "version": "6.2.0"
    }
  }
}